<?xml version="1.0" encoding="UTF-8"?>
<testsuite name="Cucumber" time="14.694" tests="1" skipped="0" failures="0" errors="0">
<testcase classname="Homepage functionality" name="Verify test scenario links are available" time="13.674">
<system-out><![CDATA[
Given I navigate to the homepage............................................passed
When I check the available test links.......................................passed
Then I should see test scenario links on the page...........................passed
]]></system-out>
</testcase>
</testsuite>
