<?xml version="1.0" encoding="UTF-8"?>
<testng-results ignored="0" total="2" passed="2" failed="0" skipped="0">
  <reporter-output>
  </reporter-output>
  <suite started-at="2025-07-28T10:39:34 CDT" name="Surefire suite" finished-at="2025-07-28T10:39:50 CDT" duration-ms="15950">
    <groups>
      <group name="cucumber">
        <method signature="AbstractTestNGCucumberTests.runScenario(io.cucumber.testng.PickleWrapper,io.cucumber.testng.FeatureWrapper)[pri:0, instance:com.uiplayground.automation.runners.ui.HomePageTestRunner@3427b02d]" name="runScenario" class="io.cucumber.testng.AbstractTestNGCucumberTests"/>
      </group> <!-- cucumber -->
    </groups>
    <test started-at="2025-07-28T10:39:34 CDT" name="Surefire test" finished-at="2025-07-28T10:39:50 CDT" duration-ms="15950">
      <class name="com.uiplayground.automation.runners.ui.HomePageTestRunner">
        <test-method is-config="true" signature="setUpClass(org.testng.ITestContext)[pri:0, instance:com.uiplayground.automation.runners.ui.HomePageTestRunner@3427b02d]" started-at="2025-07-28T10:39:34 CDT" name="setUpClass" finished-at="2025-07-28T10:39:35 CDT" duration-ms="1264" status="PASS">
          <params>
            <param index="0">
              <value>
                <![CDATA[org.testng.TestRunner@1fca53a7]]>
              </value>
            </param>
          </params>
          <reporter-output>
          </reporter-output>
        </test-method> <!-- setUpClass -->
        <test-method signature="runScenario(io.cucumber.testng.PickleWrapper,io.cucumber.testng.FeatureWrapper)[pri:0, instance:com.uiplayground.automation.runners.ui.HomePageTestRunner@3427b02d]" started-at="2025-07-28T10:39:35 CDT" name="runScenario" description="Runs Cucumber Scenarios" data-provider="scenarios" finished-at="2025-07-28T10:39:41 CDT" duration-ms="5344" status="PASS">
          <params>
            <param index="0">
              <value>
                <![CDATA["Verify homepage loads with correct title"]]>
              </value>
            </param>
            <param index="1">
              <value>
                <![CDATA["Homepage functionality"]]>
              </value>
            </param>
          </params>
          <reporter-output>
          </reporter-output>
        </test-method> <!-- runScenario -->
        <test-method signature="runScenario(io.cucumber.testng.PickleWrapper,io.cucumber.testng.FeatureWrapper)[pri:0, instance:com.uiplayground.automation.runners.ui.HomePageTestRunner@3427b02d]" started-at="2025-07-28T10:39:41 CDT" name="runScenario" description="Runs Cucumber Scenarios" data-provider="scenarios" finished-at="2025-07-28T10:39:48 CDT" duration-ms="7826" status="PASS">
          <params>
            <param index="0">
              <value>
                <![CDATA["Verify test scenario links are available"]]>
              </value>
            </param>
            <param index="1">
              <value>
                <![CDATA["Homepage functionality"]]>
              </value>
            </param>
          </params>
          <reporter-output>
          </reporter-output>
        </test-method> <!-- runScenario -->
        <test-method is-config="true" signature="tearDownClass()[pri:0, instance:com.uiplayground.automation.runners.ui.HomePageTestRunner@3427b02d]" started-at="2025-07-28T10:39:48 CDT" name="tearDownClass" finished-at="2025-07-28T10:39:50 CDT" duration-ms="1486" status="PASS">
          <reporter-output>
          </reporter-output>
        </test-method> <!-- tearDownClass -->
      </class> <!-- com.uiplayground.automation.runners.ui.HomePageTestRunner -->
    </test> <!-- Surefire test -->
  </suite> <!-- Surefire suite -->
</testng-results>
