<?xml version="1.0" encoding="UTF-8"?>
<testsuite xmlns:xsi="http://www.w3.org/2001/XMLSchema-instance" xsi:noNamespaceSchemaLocation="https://maven.apache.org/surefire/maven-surefire-plugin/xsd/surefire-test-report-3.0.xsd" version="3.0" name="com.uiplayground.automation.runners.HomePageTestRunner" time="15.671" tests="2" errors="0" skipped="0" failures="0">
  <properties>
[...]
</properties>
  <testcase name="runScenario[&quot;Verify homepage loads with correct title&quot;, &quot;Homepage functionality&quot;](1)" classname="com.uiplayground.automation.runners.HomePageTestRunner" time="5.439">
    <system-out><![CDATA[10:28:30.935 [main] INFO  com.uiplayground.automation.hooks.ReportingHooks - Initializing test suite reports
10:28:30.962 [main] INFO  com.uiplayground.automation.core.config.ConfigManager - Configuration loaded successfully from classpath: /config.properties
10:28:30.969 [main] INFO  com.uiplayground.automation.core.reporting.ReportManager - ExtentReports initialized successfully at: reports/extent-reports/test-report.html

@smoke @homepage
Scenario: Verify homepage loads with correct title  &amp#27;[90m# src/test/resources/features/homepage.feature:7&amp#27;[0m
10:28:31.189 [main] INFO  com.uiplayground.automation.hooks.TestSetupHooks - Setting up test scenario - initializing WebDriver
10:28:31.190 [main] INFO  com.uiplayground.automation.core.driver.DriverManager - Initializing WebDriver
10:28:31.190 [main] INFO  com.uiplayground.automation.core.driver.DriverManager - Initializing WebDriver for browser: chrome
10:28:35.196 [main] INFO  com.uiplayground.automation.core.driver.DriverManager - WebDriver initialized successfully
10:28:35.208 [main] INFO  com.uiplayground.automation.hooks.ReportingHooks - Starting Cucumber scenario: Verify homepage loads with correct title
10:28:35.209 [main] INFO  com.uiplayground.automation.core.reporting.ReportManager - Created test in report: Verify homepage loads with correct title
10:28:35.276 [main] INFO  com.uiplayground.automation.steps.HomePageSteps - Navigating to homepage
10:28:36.076 [main] INFO  com.uiplayground.automation.pages.playground.HomePage - Navigated to URL: http://www.uitestingplayground.com
  &amp#27;[32mGiven &amp#27;[0m&amp#27;[32mI navigate to the homepage&amp#27;[0m                  &amp#27;[90m# com.uiplayground.automation.steps.HomePageSteps.i_navigate_to_the_homepage()&amp#27;[0m
10:28:36.078 [main] INFO  com.uiplayground.automation.steps.HomePageSteps - Retrieving page title
10:28:36.187 [main] INFO  com.uiplayground.automation.pages.playground.HomePage - Got text from Unknown Element: UI Test Automation
Playground
  &amp#27;[32mWhen &amp#27;[0m&amp#27;[32mI view the page title&amp#27;[0m                        &amp#27;[90m# com.uiplayground.automation.steps.HomePageSteps.i_view_the_page_title()&amp#27;[0m
10:28:36.191 [main] INFO  com.uiplayground.automation.steps.HomePageSteps - Validating the page title content
10:28:36.192 [main] INFO  com.uiplayground.automation.utils.AssertionUtils - Asserting title - Expected: 'UI Test Automation Playground', Actual: 'UI Test Automation Playground'
  &amp#27;[32mThen &amp#27;[0m&amp#27;[32mthe page title should be displayed correctly&amp#27;[0m &amp#27;[90m# com.uiplayground.automation.steps.HomePageSteps.the_page_title_should_be_displayed_correctly()&amp#27;[0m
10:28:36.198 [main] INFO  com.uiplayground.automation.steps.HomePageSteps - Validating that the page title is not empty
10:28:36.198 [main] INFO  com.uiplayground.automation.utils.AssertionUtils - Validated Page Title is not null or empty
  &amp#27;[32mAnd &amp#27;[0m&amp#27;[32mthe page title should not be empty&amp#27;[0m            &amp#27;[90m# com.uiplayground.automation.steps.HomePageSteps.the_page_title_should_not_be_empty()&amp#27;[0m
10:28:36.204 [main] INFO  com.uiplayground.automation.hooks.ReportingHooks - Cucumber scenario passed: Verify homepage loads with correct title
10:28:36.206 [main] INFO  com.uiplayground.automation.hooks.TestSetupHooks - Tearing down test scenario - quitting WebDriver
10:28:36.206 [main] INFO  com.uiplayground.automation.core.driver.DriverManager - Quitting WebDriver
10:28:36.440 [main] INFO  com.uiplayground.automation.core.driver.DriverManager - WebDriver quit successfully
]]></system-out>
    <system-err><![CDATA[SLF4J: Failed to load class "org.slf4j.impl.StaticLoggerBinder".
SLF4J: Defaulting to no-operation (NOP) logger implementation
SLF4J: See http://www.slf4j.org/codes.html#StaticLoggerBinder for further details.
Jul 28, 2025 10:28:35 AM org.openqa.selenium.devtools.CdpVersionFinder findNearestMatch
WARNING: Unable to find CDP implementation matching 138
Jul 28, 2025 10:28:35 AM org.openqa.selenium.chromium.ChromiumDriver lambda$new$5
WARNING: Unable to find version of CDP to use for 138.0.7204.169. You may need to include a dependency on a specific version of the CDP using something similar to `org.seleniumhq.selenium:selenium-devtools-v86:4.15.0` where the version ("v86") matches the version of the chromium-based browser you're using and the version number of the artifact is the same as Selenium's.
]]></system-err>
  </testcase>
  <testcase name="runScenario[&quot;Verify test scenario links are available&quot;, &quot;Homepage functionality&quot;](2)" classname="com.uiplayground.automation.runners.HomePageTestRunner" time="3.462">
    <system-out><![CDATA[
@regression @homepage
Scenario: Verify test scenario links are available  &amp#27;[90m# src/test/resources/features/homepage.feature:14&amp#27;[0m
10:28:36.457 [main] INFO  com.uiplayground.automation.hooks.TestSetupHooks - Setting up test scenario - initializing WebDriver
10:28:36.457 [main] INFO  com.uiplayground.automation.core.driver.DriverManager - Initializing WebDriver
10:28:36.457 [main] INFO  com.uiplayground.automation.core.driver.DriverManager - Initializing WebDriver for browser: chrome
10:28:38.738 [main] INFO  com.uiplayground.automation.core.driver.DriverManager - WebDriver initialized successfully
10:28:38.741 [main] INFO  com.uiplayground.automation.hooks.ReportingHooks - Starting Cucumber scenario: Verify test scenario links are available
10:28:38.741 [main] INFO  com.uiplayground.automation.core.reporting.ReportManager - Created test in report: Verify test scenario links are available
10:28:38.777 [main] INFO  com.uiplayground.automation.steps.HomePageSteps - Navigating to homepage
10:28:39.636 [main] INFO  com.uiplayground.automation.pages.playground.HomePage - Navigated to URL: http://www.uitestingplayground.com
  &amp#27;[32mGiven &amp#27;[0m&amp#27;[32mI navigate to the homepage&amp#27;[0m                  &amp#27;[90m# com.uiplayground.automation.steps.HomePageSteps.i_navigate_to_the_homepage()&amp#27;[0m
10:28:39.637 [main] INFO  com.uiplayground.automation.steps.HomePageSteps - Validating that home page test links are available
  &amp#27;[32mWhen &amp#27;[0m&amp#27;[32mI check the available test links&amp#27;[0m             &amp#27;[90m# com.uiplayground.automation.steps.HomePageSteps.i_check_the_available_test_links()&amp#27;[0m
  &amp#27;[32mThen &amp#27;[0m&amp#27;[32mI should see test scenario links on the page&amp#27;[0m &amp#27;[90m# com.uiplayground.automation.steps.HomePageSteps.i_should_see_test_scenario_links_on_the_page()&amp#27;[0m
10:28:39.640 [main] INFO  com.uiplayground.automation.hooks.ReportingHooks - Cucumber scenario passed: Verify test scenario links are available
10:28:39.640 [main] INFO  com.uiplayground.automation.hooks.TestSetupHooks - Tearing down test scenario - quitting WebDriver
10:28:39.641 [main] INFO  com.uiplayground.automation.core.driver.DriverManager - Quitting WebDriver
10:28:39.912 [main] INFO  com.uiplayground.automation.core.driver.DriverManager - WebDriver quit successfully
]]></system-out>
    <system-err><![CDATA[Jul 28, 2025 10:28:38 AM org.openqa.selenium.devtools.CdpVersionFinder findNearestMatch
WARNING: Unable to find CDP implementation matching 138
Jul 28, 2025 10:28:38 AM org.openqa.selenium.chromium.ChromiumDriver lambda$new$5
WARNING: Unable to find version of CDP to use for 138.0.7204.169. You may need to include a dependency on a specific version of the CDP using something similar to `org.seleniumhq.selenium:selenium-devtools-v86:4.15.0` where the version ("v86") matches the version of the chromium-based browser you're using and the version number of the artifact is the same as Selenium's.
]]></system-err>
  </testcase>
</testsuite>